<?xml version="1.0" encoding="UTF-8"?>
<!-- Generated by org.testng.reporters.JUnitReportReporter -->
<testsuite hostname="MNCTVN05589" name="testcases.TestFollow" tests="30" failures="0" timestamp="30 Sep 2020 06:58:36 GMT" time="136.096" errors="0">
  <testcase name="unfollowWithVisitorToken" time="2.759" classname="testcases.TestFollow"/>
  <testcase name="followWithoutToken" time="2.196" classname="testcases.TestFollow"/>
  <testcase name="beforeFollowStatus" time="15.329" classname="testcases.TestFollow"/>
  <testcase name="follower" time="4.294" classname="testcases.TestFollow"/>
  <testcase name="followSelf" time="3.971" classname="testcases.TestFollow"/>
  <testcase name="followWithVisitorToken" time="2.229" classname="testcases.TestFollow"/>
  <testcase name="followSelf" time="3.794" classname="testcases.TestFollow"/>
  <testcase name="alreadyFollow" time="4.084" classname="testcases.TestFollow"/>
  <testcase name="followerTokenUser" time="6.491" classname="testcases.TestFollow"/>
  <testcase name="afterFollowStatus" time="6.974" classname="testcases.TestFollow"/>
  <testcase name="follower" time="4.255" classname="testcases.TestFollow"/>
  <testcase name="beforeFollowStatus" time="9.985" classname="testcases.TestFollow"/>
  <testcase name="follow" time="4.478" classname="testcases.TestFollow"/>
  <testcase name="alreadyUnfollow" time="3.985" classname="testcases.TestFollow"/>
  <testcase name="unfollowWithoutToken" time="2.102" classname="testcases.TestFollow"/>
  <testcase name="follow" time="6.102" classname="testcases.TestFollow"/>
  <testcase name="followWithoutToken" time="1.738" classname="testcases.TestFollow"/>
  <testcase name="unfollowWithVisitorToken" time="2.403" classname="testcases.TestFollow"/>
  <testcase name="followerTokenUser" time="5.469" classname="testcases.TestFollow"/>
  <testcase name="unfollowWithoutToken" time="2.255" classname="testcases.TestFollow"/>
  <testcase name="afterFollowStatus" time="6.396" classname="testcases.TestFollow"/>
  <testcase name="alreadyFollow" time="4.018" classname="testcases.TestFollow"/>
  <testcase name="followWithVisitorToken" time="2.609" classname="testcases.TestFollow"/>
  <testcase name="following" time="4.148" classname="testcases.TestFollow"/>
  <testcase name="followerTokenVisitor" time="4.159" classname="testcases.TestFollow"/>
  <testcase name="following" time="4.348" classname="testcases.TestFollow"/>
  <testcase name="Unfollow" time="3.885" classname="testcases.TestFollow"/>
  <testcase name="alreadyUnfollow" time="3.472" classname="testcases.TestFollow"/>
  <testcase name="followerTokenVisitor" time="4.569" classname="testcases.TestFollow"/>
  <testcase name="Unfollow" time="3.599" classname="testcases.TestFollow"/>
</testsuite> <!-- testcases.TestFollow -->
