<?xml version="1.0" encoding="UTF-8"?>
<!-- Generated by org.testng.reporters.JUnitReportReporter -->
<testsuite hostname="MNCTVN05589" name="testcases.TestLike" tests="8" failures="0" timestamp="29 Sep 2020 08:47:23 GMT" time="134.543" errors="0">
  <testcase name="like" time="22.316" classname="testcases.TestLike"/>
  <testcase name="likeWithTokenVisitor" time="15.473" classname="testcases.TestLike"/>
  <testcase name="likeAlready" time="19.686" classname="testcases.TestLike"/>
  <testcase name="unlike" time="18.829" classname="testcases.TestLike"/>
  <testcase name="unlikeWithoutToken" time="12.367" classname="testcases.TestLike"/>
  <testcase name="unlikeWithTokenVisitor" time="12.973" classname="testcases.TestLike"/>
  <testcase name="likeWithoutToken" time="14.916" classname="testcases.TestLike"/>
  <testcase name="unlikeAlready" time="17.983" classname="testcases.TestLike"/>
</testsuite> <!-- testcases.TestLike -->
