<?xml version="1.0" encoding="UTF-8"?>
<!-- Generated by org.testng.reporters.JUnitReportReporter -->
<testsuite hostname="MNCTVN05589" name="testcases.TestEditUser" tests="1" failures="0" timestamp="29 Sep 2020 08:47:23 GMT" time="28.362" errors="0">
  <testcase name="postComment" time="28.362" classname="testcases.TestEditUser"/>
</testsuite> <!-- testcases.TestEditUser -->
