<?xml version="1.0" encoding="UTF-8"?>
<!-- Generated by org.testng.reporters.JUnitReportReporter -->
<testsuite hostname="MNCTVN05589" name="testcases.TestViews" tests="2" failures="0" timestamp="29 Sep 2020 08:47:23 GMT" time="32.844" errors="0">
  <testcase name="viewWithLogin" time="15.348" classname="testcases.TestViews"/>
  <testcase name="getViewWithLogin" time="17.496" classname="testcases.TestViews"/>
</testsuite> <!-- testcases.TestViews -->
