<?xml version="1.0" encoding="UTF-8"?>
<!-- Generated by org.testng.reporters.JUnitReportReporter -->
<testsuite hostname="MNCTVN05589" name="testcases.TestComment" tests="2" failures="0" timestamp="29 Sep 2020 08:47:23 GMT" time="28.605" errors="0">
  <testcase name="getComment" time="14.715" classname="testcases.TestComment"/>
  <testcase name="postComment" time="13.890" classname="testcases.TestComment"/>
</testsuite> <!-- testcases.TestComment -->
