<?xml version="1.0" encoding="UTF-8"?>
<!-- Generated by org.testng.reporters.JUnitReportReporter -->
<testsuite hostname="MNCTVN05589" name="testcases.TestHome" tests="3" failures="0" timestamp="29 Sep 2020 08:47:23 GMT" time="17.488" errors="0">
  <testcase name="getHomeCategory" time="4.304" classname="testcases.TestHome"/>
  <testcase name="getListCompetition" time="4.695" classname="testcases.TestHome"/>
  <testcase name="getHomeByCompetition" time="8.489" classname="testcases.TestHome"/>
</testsuite> <!-- testcases.TestHome -->
