<?xml version="1.0" encoding="UTF-8"?>
<!-- Generated by org.testng.reporters.JUnitReportReporter -->
<testsuite hostname="MNCTVN05589" name="testcases.TestCompetition" tests="3" failures="0" timestamp="29 Sep 2020 08:47:23 GMT" time="7.356" errors="0">
  <testcase name="competitionNow" time="2.587" classname="testcases.TestCompetition"/>
  <testcase name="competitionSoon" time="2.587" classname="testcases.TestCompetition"/>
  <testcase name="competitionExpired" time="2.182" classname="testcases.TestCompetition"/>
</testsuite> <!-- testcases.TestCompetition -->
